{"E:\\demo-app-branchoff\\app\\_layout.tsx": {"path":"E:\\demo-app-branchoff\\app\\_layout.tsx","statementMap":{"0":{"start":{"line":5,"column":2},"end":{"line":10,"column":4}}},"fnMap":{"0":{"name":"RootLayout","decl":{"start":{"line":4,"column":24},"end":{"line":4,"column":34}},"loc":{"start":{"line":4,"column":37},"end":{"line":11,"column":1}},"line":4}},"branchMap":{},"s":{"0":0},"f":{"0":0},"b":{}}
,"E:\\demo-app-branchoff\\app\\index.tsx": {"path":"E:\\demo-app-branchoff\\app\\index.tsx","statementMap":{"0":{"start":{"line":7,"column":2},"end":{"line":9,"column":9}},"1":{"start":{"line":8,"column":4},"end":{"line":8,"column":25}},"2":{"start":{"line":10,"column":29},"end":{"line":17,"column":3}},"3":{"start":{"line":11,"column":20},"end":{"line":11,"column":46}},"4":{"start":{"line":12,"column":4},"end":{"line":16,"column":5}},"5":{"start":{"line":13,"column":6},"end":{"line":13,"column":36}},"6":{"start":{"line":15,"column":6},"end":{"line":15,"column":42}},"7":{"start":{"line":18,"column":2},"end":{"line":21,"column":4}}},"fnMap":{"0":{"name":"HomeScreen","decl":{"start":{"line":6,"column":24},"end":{"line":6,"column":34}},"loc":{"start":{"line":6,"column":37},"end":{"line":22,"column":1}},"line":6},"1":{"name":"(anonymous_1)","decl":{"start":{"line":7,"column":12},"end":{"line":7,"column":13}},"loc":{"start":{"line":7,"column":18},"end":{"line":9,"column":3}},"line":7},"2":{"name":"(anonymous_2)","decl":{"start":{"line":10,"column":29},"end":{"line":10,"column":30}},"loc":{"start":{"line":10,"column":41},"end":{"line":17,"column":3}},"line":10}},"branchMap":{"0":{"loc":{"start":{"line":12,"column":4},"end":{"line":16,"column":5}},"type":"if","locations":[{"start":{"line":12,"column":4},"end":{"line":16,"column":5}},{"start":{"line":14,"column":11},"end":{"line":16,"column":5}}],"line":12}},"s":{"0":0,"1":0,"2":0,"3":0,"4":0,"5":0,"6":0,"7":0},"f":{"0":0,"1":0,"2":0},"b":{"0":[0,0]}}
,"E:\\demo-app-branchoff\\app\\(example-code)\\nav\\_layout.tsx": {"path":"E:\\demo-app-branchoff\\app\\(example-code)\\nav\\_layout.tsx","statementMap":{"0":{"start":{"line":7,"column":2},"end":{"line":16,"column":4}},"1":{"start":{"line":9,"column":77},"end":{"line":9,"column":127}},"2":{"start":{"line":12,"column":54},"end":{"line":12,"column":136}},"3":{"start":{"line":14,"column":95},"end":{"line":14,"column":152}}},"fnMap":{"0":{"name":"RootLayout","decl":{"start":{"line":6,"column":24},"end":{"line":6,"column":34}},"loc":{"start":{"line":6,"column":37},"end":{"line":17,"column":1}},"line":6},"1":{"name":"(anonymous_1)","decl":{"start":{"line":9,"column":71},"end":{"line":9,"column":72}},"loc":{"start":{"line":9,"column":77},"end":{"line":9,"column":127}},"line":9},"2":{"name":"(anonymous_2)","decl":{"start":{"line":12,"column":48},"end":{"line":12,"column":49}},"loc":{"start":{"line":12,"column":54},"end":{"line":12,"column":136}},"line":12},"3":{"name":"(anonymous_3)","decl":{"start":{"line":14,"column":89},"end":{"line":14,"column":90}},"loc":{"start":{"line":14,"column":95},"end":{"line":14,"column":152}},"line":14}},"branchMap":{},"s":{"0":0,"1":0,"2":0,"3":0},"f":{"0":0,"1":0,"2":0,"3":0},"b":{}}
,"E:\\demo-app-branchoff\\app\\(example-code)\\nav\\login.tsx": {"path":"E:\\demo-app-branchoff\\app\\(example-code)\\nav\\login.tsx","statementMap":{"0":{"start":{"line":6,"column":2},"end":{"line":11,"column":4}},"1":{"start":{"line":9,"column":50},"end":{"line":9,"column":66}}},"fnMap":{"0":{"name":"LoginScreen","decl":{"start":{"line":5,"column":24},"end":{"line":5,"column":35}},"loc":{"start":{"line":5,"column":38},"end":{"line":12,"column":1}},"line":5},"1":{"name":"(anonymous_1)","decl":{"start":{"line":9,"column":44},"end":{"line":9,"column":45}},"loc":{"start":{"line":9,"column":50},"end":{"line":9,"column":66}},"line":9}},"branchMap":{},"s":{"0":0,"1":0},"f":{"0":0,"1":0},"b":{}}
,"E:\\demo-app-branchoff\\app\\(example-code)\\nav\\reset-password.tsx": {"path":"E:\\demo-app-branchoff\\app\\(example-code)\\nav\\reset-password.tsx","statementMap":{"0":{"start":{"line":4,"column":2},"end":{"line":8,"column":4}}},"fnMap":{"0":{"name":"ResetPasswordScreen","decl":{"start":{"line":3,"column":24},"end":{"line":3,"column":43}},"loc":{"start":{"line":3,"column":46},"end":{"line":9,"column":1}},"line":3}},"branchMap":{},"s":{"0":0},"f":{"0":0},"b":{}}
,"E:\\demo-app-branchoff\\app\\(example-code)\\nav\\signup.tsx": {"path":"E:\\demo-app-branchoff\\app\\(example-code)\\nav\\signup.tsx","statementMap":{"0":{"start":{"line":4,"column":2},"end":{"line":8,"column":4}}},"fnMap":{"0":{"name":"SignupScreen","decl":{"start":{"line":3,"column":24},"end":{"line":3,"column":36}},"loc":{"start":{"line":3,"column":39},"end":{"line":9,"column":1}},"line":3}},"branchMap":{},"s":{"0":0},"f":{"0":0},"b":{}}
,"E:\\demo-app-branchoff\\app\\bksched\\_layout.tsx": {"path":"E:\\demo-app-branchoff\\app\\bksched\\_layout.tsx","statementMap":{"0":{"start":{"line":5,"column":2},"end":{"line":13,"column":4}},"1":{"start":{"line":7,"column":87},"end":{"line":7,"column":148}},"2":{"start":{"line":10,"column":57},"end":{"line":10,"column":120}}},"fnMap":{"0":{"name":"RootLayout","decl":{"start":{"line":4,"column":24},"end":{"line":4,"column":34}},"loc":{"start":{"line":4,"column":37},"end":{"line":14,"column":1}},"line":4},"1":{"name":"(anonymous_1)","decl":{"start":{"line":7,"column":81},"end":{"line":7,"column":82}},"loc":{"start":{"line":7,"column":87},"end":{"line":7,"column":148}},"line":7},"2":{"name":"(anonymous_2)","decl":{"start":{"line":10,"column":51},"end":{"line":10,"column":52}},"loc":{"start":{"line":10,"column":57},"end":{"line":10,"column":120}},"line":10}},"branchMap":{},"s":{"0":0,"1":0,"2":0},"f":{"0":0,"1":0,"2":0},"b":{}}
,"E:\\demo-app-branchoff\\app\\bksched\\main-page.tsx": {"path":"E:\\demo-app-branchoff\\app\\bksched\\main-page.tsx","statementMap":{"0":{"start":{"line":7,"column":17},"end":{"line":13,"column":1}},"1":{"start":{"line":15,"column":17},"end":{"line":26,"column":1}},"2":{"start":{"line":16,"column":2},"end":{"line":25,"column":9}},"3":{"start":{"line":29,"column":2},"end":{"line":47,"column":4}},"4":{"start":{"line":42,"column":10},"end":{"line":42,"column":72}},"5":{"start":{"line":44,"column":86},"end":{"line":44,"column":115}}},"fnMap":{"0":{"name":"(anonymous_0)","decl":{"start":{"line":15,"column":17},"end":{"line":15,"column":18}},"loc":{"start":{"line":16,"column":2},"end":{"line":25,"column":9}},"line":16},"1":{"name":"MainTab","decl":{"start":{"line":28,"column":24},"end":{"line":28,"column":31}},"loc":{"start":{"line":28,"column":34},"end":{"line":48,"column":1}},"line":28},"2":{"name":"(anonymous_2)","decl":{"start":{"line":41,"column":22},"end":{"line":41,"column":23}},"loc":{"start":{"line":42,"column":10},"end":{"line":42,"column":72}},"line":42},"3":{"name":"(anonymous_3)","decl":{"start":{"line":44,"column":80},"end":{"line":44,"column":81}},"loc":{"start":{"line":44,"column":86},"end":{"line":44,"column":115}},"line":44}},"branchMap":{},"s":{"0":1,"1":1,"2":10,"3":2,"4":10,"5":1},"f":{"0":10,"1":2,"2":10,"3":1},"b":{},"_coverageSchema":"1a1c01bbd47fc00a2c39e90264f33305004495a9","hash":"6a3d6bbb9b6e97bf0781a0c64cead8e7ef35090d"}
,"E:\\demo-app-branchoff\\app\\bksched\\notifications.tsx": {"path":"E:\\demo-app-branchoff\\app\\bksched\\notifications.tsx","statementMap":{"0":{"start":{"line":5,"column":17},"end":{"line":9,"column":1}},"1":{"start":{"line":11,"column":17},"end":{"line":23,"column":1}},"2":{"start":{"line":12,"column":2},"end":{"line":22,"column":9}},"3":{"start":{"line":26,"column":2},"end":{"line":43,"column":4}},"4":{"start":{"line":39,"column":10},"end":{"line":39,"column":97}}},"fnMap":{"0":{"name":"(anonymous_0)","decl":{"start":{"line":11,"column":17},"end":{"line":11,"column":18}},"loc":{"start":{"line":12,"column":2},"end":{"line":22,"column":9}},"line":12},"1":{"name":"MainTab","decl":{"start":{"line":25,"column":24},"end":{"line":25,"column":31}},"loc":{"start":{"line":25,"column":34},"end":{"line":44,"column":1}},"line":25},"2":{"name":"(anonymous_2)","decl":{"start":{"line":38,"column":22},"end":{"line":38,"column":23}},"loc":{"start":{"line":39,"column":10},"end":{"line":39,"column":97}},"line":39}},"branchMap":{},"s":{"0":0,"1":0,"2":0,"3":0,"4":0},"f":{"0":0,"1":0,"2":0},"b":{}}
,"E:\\demo-app-branchoff\\app\\onboarding\\index.tsx": {"path":"E:\\demo-app-branchoff\\app\\onboarding\\index.tsx","statementMap":{"0":{"start":{"line":7,"column":19},"end":{"line":10,"column":1}},"1":{"start":{"line":8,"column":2},"end":{"line":8,"column":30}},"2":{"start":{"line":9,"column":2},"end":{"line":9,"column":39}},"3":{"start":{"line":11,"column":0},"end":{"line":48,"column":2}}},"fnMap":{"0":{"name":"OnboardingScreen","decl":{"start":{"line":6,"column":24},"end":{"line":6,"column":40}},"loc":{"start":{"line":6,"column":43},"end":{"line":49,"column":1}},"line":6},"1":{"name":"(anonymous_1)","decl":{"start":{"line":7,"column":19},"end":{"line":7,"column":20}},"loc":{"start":{"line":7,"column":25},"end":{"line":10,"column":1}},"line":7}},"branchMap":{},"s":{"0":2,"1":1,"2":1,"3":2},"f":{"0":2,"1":1},"b":{},"_coverageSchema":"1a1c01bbd47fc00a2c39e90264f33305004495a9","hash":"ca31791a341106c9559435df0077f44784858cac"}
,"E:\\demo-app-branchoff\\components\\Button.tsx": {"path":"E:\\demo-app-branchoff\\components\\Button.tsx","statementMap":{"0":{"start":{"line":14,"column":45},"end":{"line":25,"column":1}},"1":{"start":{"line":15,"column":50},"end":{"line":19,"column":3}},"2":{"start":{"line":20,"column":2},"end":{"line":24,"column":4}},"3":{"start":{"line":27,"column":15},"end":{"line":31,"column":2}}},"fnMap":{"0":{"name":"(anonymous_0)","decl":{"start":{"line":14,"column":45},"end":{"line":14,"column":46}},"loc":{"start":{"line":14,"column":121},"end":{"line":25,"column":1}},"line":14}},"branchMap":{"0":{"loc":{"start":{"line":14,"column":85},"end":{"line":14,"column":104}},"type":"default-arg","locations":[{"start":{"line":14,"column":95},"end":{"line":14,"column":104}}],"line":14},"1":{"loc":{"start":{"line":22,"column":7},"end":{"line":22,"column":84}},"type":"cond-expr","locations":[{"start":{"line":22,"column":18},"end":{"line":22,"column":26}},{"start":{"line":22,"column":29},"end":{"line":22,"column":84}}],"line":22}},"s":{"0":1,"1":2,"2":2,"3":1},"f":{"0":2},"b":{"0":[2],"1":[0,2]},"_coverageSchema":"1a1c01bbd47fc00a2c39e90264f33305004495a9","hash":"40fb939a8cbaa4d2fdcf41e6bb7af04dd8a66d84"}
,"E:\\demo-app-branchoff\\utils\\asyncStorage.tsx": {"path":"E:\\demo-app-branchoff\\utils\\asyncStorage.tsx","statementMap":{"0":{"start":{"line":3,"column":25},"end":{"line":9,"column":1}},"1":{"start":{"line":4,"column":2},"end":{"line":8,"column":3}},"2":{"start":{"line":5,"column":4},"end":{"line":5,"column":43}},"3":{"start":{"line":7,"column":4},"end":{"line":7,"column":41}},"4":{"start":{"line":11,"column":23},"end":{"line":18,"column":1}},"5":{"start":{"line":12,"column":2},"end":{"line":17,"column":3}},"6":{"start":{"line":13,"column":18},"end":{"line":13,"column":49}},"7":{"start":{"line":14,"column":4},"end":{"line":14,"column":17}},"8":{"start":{"line":16,"column":4},"end":{"line":16,"column":41}},"9":{"start":{"line":20,"column":26},"end":{"line":27,"column":1}},"10":{"start":{"line":21,"column":2},"end":{"line":25,"column":3}},"11":{"start":{"line":22,"column":4},"end":{"line":22,"column":39}},"12":{"start":{"line":24,"column":4},"end":{"line":24,"column":42}},"13":{"start":{"line":26,"column":2},"end":{"line":26,"column":23}}},"fnMap":{"0":{"name":"(anonymous_0)","decl":{"start":{"line":3,"column":25},"end":{"line":3,"column":26}},"loc":{"start":{"line":3,"column":63},"end":{"line":9,"column":1}},"line":3},"1":{"name":"(anonymous_1)","decl":{"start":{"line":11,"column":23},"end":{"line":11,"column":24}},"loc":{"start":{"line":11,"column":46},"end":{"line":18,"column":1}},"line":11},"2":{"name":"(anonymous_2)","decl":{"start":{"line":20,"column":26},"end":{"line":20,"column":27}},"loc":{"start":{"line":20,"column":49},"end":{"line":27,"column":1}},"line":20}},"branchMap":{},"s":{"0":0,"1":0,"2":0,"3":0,"4":0,"5":0,"6":0,"7":0,"8":0,"9":0,"10":0,"11":0,"12":0,"13":0},"f":{"0":0,"1":0,"2":0},"b":{}}
}
