TN:
SF:app\_layout.tsx
FN:4,RootLayout
FNF:1
FNH:0
FNDA:0,RootLayout
DA:5,0
LF:1
LH:0
BRF:0
BRH:0
end_of_record
TN:
SF:app\index.tsx
FN:6,HomeScreen
FN:7,(anonymous_1)
FN:10,(anonymous_2)
FNF:3
FNH:0
FNDA:0,HomeScreen
FNDA:0,(anonymous_1)
FNDA:0,(anonymous_2)
DA:7,0
DA:8,0
DA:10,0
DA:11,0
DA:12,0
DA:13,0
DA:15,0
DA:18,0
LF:8
LH:0
BRDA:12,0,0,0
BRDA:12,0,1,0
BRF:2
BRH:0
end_of_record
TN:
SF:app\(example-code)\nav\_layout.tsx
FN:6,RootLayout
FN:9,(anonymous_1)
FN:12,(anonymous_2)
FN:14,(anonymous_3)
FNF:4
FNH:0
FNDA:0,RootLayout
FNDA:0,(anonymous_1)
FNDA:0,(anonymous_2)
FNDA:0,(anonymous_3)
DA:7,0
DA:9,0
DA:12,0
DA:14,0
LF:4
LH:0
BRF:0
BRH:0
end_of_record
TN:
SF:app\(example-code)\nav\login.tsx
FN:5,LoginScreen
FN:9,(anonymous_1)
FNF:2
FNH:0
FNDA:0,LoginScreen
FNDA:0,(anonymous_1)
DA:6,0
DA:9,0
LF:2
LH:0
BRF:0
BRH:0
end_of_record
TN:
SF:app\(example-code)\nav\reset-password.tsx
FN:3,ResetPasswordScreen
FNF:1
FNH:0
FNDA:0,ResetPasswordScreen
DA:4,0
LF:1
LH:0
BRF:0
BRH:0
end_of_record
TN:
SF:app\(example-code)\nav\signup.tsx
FN:3,SignupScreen
FNF:1
FNH:0
FNDA:0,SignupScreen
DA:4,0
LF:1
LH:0
BRF:0
BRH:0
end_of_record
TN:
SF:app\bksched\_layout.tsx
FN:4,RootLayout
FN:7,(anonymous_1)
FN:10,(anonymous_2)
FNF:3
FNH:0
FNDA:0,RootLayout
FNDA:0,(anonymous_1)
FNDA:0,(anonymous_2)
DA:5,0
DA:7,0
DA:10,0
LF:3
LH:0
BRF:0
BRH:0
end_of_record
TN:
SF:app\bksched\main-page.tsx
FN:15,(anonymous_0)
FN:28,MainTab
FN:41,(anonymous_2)
FN:44,(anonymous_3)
FNF:4
FNH:4
FNDA:10,(anonymous_0)
FNDA:2,MainTab
FNDA:10,(anonymous_2)
FNDA:1,(anonymous_3)
DA:7,1
DA:15,1
DA:16,10
DA:29,2
DA:42,10
DA:44,1
LF:6
LH:6
BRF:0
BRH:0
end_of_record
TN:
SF:app\bksched\notifications.tsx
FN:11,(anonymous_0)
FN:25,MainTab
FN:38,(anonymous_2)
FNF:3
FNH:0
FNDA:0,(anonymous_0)
FNDA:0,MainTab
FNDA:0,(anonymous_2)
DA:5,0
DA:11,0
DA:12,0
DA:26,0
DA:39,0
LF:5
LH:0
BRF:0
BRH:0
end_of_record
TN:
SF:app\onboarding\index.tsx
FN:6,OnboardingScreen
FN:7,(anonymous_1)
FNF:2
FNH:2
FNDA:2,OnboardingScreen
FNDA:1,(anonymous_1)
DA:7,2
DA:8,1
DA:9,1
DA:11,2
LF:4
LH:4
BRF:0
BRH:0
end_of_record
TN:
SF:components\Button.tsx
FN:14,(anonymous_0)
FNF:1
FNH:1
FNDA:2,(anonymous_0)
DA:14,1
DA:15,2
DA:20,2
DA:27,1
LF:4
LH:4
BRDA:14,0,0,2
BRDA:22,1,0,0
BRDA:22,1,1,2
BRF:3
BRH:2
end_of_record
TN:
SF:utils\asyncStorage.tsx
FN:3,(anonymous_0)
FN:11,(anonymous_1)
FN:20,(anonymous_2)
FNF:3
FNH:0
FNDA:0,(anonymous_0)
FNDA:0,(anonymous_1)
FNDA:0,(anonymous_2)
DA:3,0
DA:4,0
DA:5,0
DA:7,0
DA:11,0
DA:12,0
DA:13,0
DA:14,0
DA:16,0
DA:20,0
DA:21,0
DA:22,0
DA:24,0
DA:26,0
LF:14
LH:0
BRF:0
BRH:0
end_of_record
